This is METAFONT, Version 2.718281 (TeX Live 2009/Debian) (base=mf 2013.3.19)  9 FEB 2014 04:48
**\mode:=localfont; input fmfTThtx
(fmfTThtx.mf (/usr/share/texmf/metafont/feynmf/feynmf.mf)
:1:\fmfL(18.44377,16.09001,b){$\bar {T}$}%
:1:\fmfL(28.64433,41.41512,rb){$t$}%
:1:\fmfL(28.9592,30.56458,rt){$H$}%
:1:\fmfL(18.44386,38.18813,b){$T$}%
:1:\fmfL(40.75644,45.31544,b){$W^+$}%
:1:\fmfL(-0.87975,13.18452,r){$g$}%
:1:\fmfL(-0.87947,36.81264,r){$g$}%
:1:\fmfL(55.46988,-1.54425,lt){$\bar {t}, \bar {t}, \bar {b}$}%
:1:\fmfL(60.8664,13.18452,l){$Z, H, W^-$}%
:1:\fmfL(61.98549,21.01999,l){$\bar {b}$}%
:1:\fmfL(61.98541,28.9772,l){$b$}%
:1:\fmfL(60.86613,36.81264,l){$b$}%
:1:\fmfL(58.67485,44.37312,lb){$\bar {\nu }_l$}%
:1:\fmfL(55.46988,51.54019,lb){$l^+$}% [1] ) 
Here is how much of METAFONT's memory you used:
 710 strings out of 5275
 7863 string characters out of 70080
 48919 words of memory out of 3000000
 1378 symbolic tokens out of 9500
 13i,67n,110r,26p,126b stack positions out of 300i,300n,1000r,150p,200000b
 
(You used 2w,2h,1d,1i,0l,0k,0e,0p metric file positions
  out of 256w,16h,16d,64i,15000l,2500k,256e,60p)

Font metrics written on fmfTThtx.tfm.
Output written on fmfTThtx.600gf (1 character, 10920 bytes).
