\BOOKMARK [1][-]{Index.1}{Index}{}
\BOOKMARK [0][-]{section*.3}{Introduction}{}
\BOOKMARK [0][-]{chapter.1}{The ATLAS experiment}{}
\BOOKMARK [0][-]{chapter.2}{Going beyond the Standard Model}{}
\BOOKMARK [1][-]{section.2.1}{Building the Standard Model}{chapter.2}
\BOOKMARK [1][-]{section.2.2}{New Physics Models predicting vector-like quarks}{chapter.2}
\BOOKMARK [0][-]{chapter.3}{Objects reconstruction}{}
\BOOKMARK [1][-]{section.3.1}{Electrons}{chapter.3}
\BOOKMARK [1][-]{section.3.2}{Muons}{chapter.3}
\BOOKMARK [1][-]{section.3.3}{Jets}{chapter.3}
\BOOKMARK [1][-]{section.3.4}{Missing Transverse Energy}{chapter.3}
\BOOKMARK [0][-]{chapter.4}{Monte Carlo simulation}{}
\BOOKMARK [1][-]{section.4.1}{Parton shower}{chapter.4}
\BOOKMARK [1][-]{section.4.2}{Hadronization}{chapter.4}
\BOOKMARK [1][-]{section.4.3}{Underlying-event}{chapter.4}
\BOOKMARK [1][-]{section.4.4}{Generators}{chapter.4}
\BOOKMARK [0][-]{chapter.5}{Search for vector-like top partners pairs decaying to Wb+X}{}
\BOOKMARK [1][-]{section.5.1}{Data sample}{chapter.5}
\BOOKMARK [1][-]{section.5.2}{Monte Carlo simulated samples}{chapter.5}
\BOOKMARK [2][-]{subsection.5.2.1}{SM processes}{section.5.2}
\BOOKMARK [2][-]{subsection.5.2.2}{Signal samples}{section.5.2}
\BOOKMARK [1][-]{section.5.3}{Multi-jet background}{chapter.5}
\BOOKMARK [1][-]{section.5.4}{Object definition}{chapter.5}
\BOOKMARK [2][-]{subsection.5.4.1}{Boosted W reconstruction}{section.5.4}
\BOOKMARK [1][-]{section.5.5}{Control regions}{chapter.5}
\BOOKMARK [1][-]{section.5.6}{Event selection}{chapter.5}
\BOOKMARK [1][-]{section.5.7}{}{chapter.5}
\BOOKMARK [1][-]{section.5.8}{}{chapter.5}
\BOOKMARK [1][-]{section.5.9}{}{chapter.5}
\BOOKMARK [0][-]{chapter.6}{Statistical treatment and Results}{}
\BOOKMARK [1][-]{section.6.1}{The CLs method}{chapter.6}
\BOOKMARK [1][-]{section.6.2}{Systematics}{chapter.6}
\BOOKMARK [1][-]{section.6.3}{Results}{chapter.6}
\BOOKMARK [0][-]{section*.5}{Conclusions}{}
\BOOKMARK [0][-]{appendix.A}{}{}
\BOOKMARK [0][-]{appendix.B}{}{}
\BOOKMARK [0][-]{appendix.C}{Search for TWb+X at 7 TeV}{}
\BOOKMARK [0][-]{appendix.D}{Preliminary search for THt+X}{}
\BOOKMARK [0][-]{section*.7}{Bibliography}{}
